Using pre-set license
Built from '2020.3/staging' branch; Version is '2020.3.9f1 (108be757e447) revision 1084391'; Using compiler version '192528614'; Build Type 'Release'
OS: 'Windows 10 Pro; OS build 19045.2251; Version 2009; 64bit' Language: 'en' Physical Memory: 7985 MB
BatchMode: 1, IsHumanControllingUs: 0, StartBugReporterOnCrash: 0, Is64bit: 1, IsPro: 0

 COMMAND LINE ARGUMENTS:
C:\Program Files\Unity\Hub\Editor\2020.3.9f1\Editor\Unity.exe
-adb2
-batchMode
-noUpm
-name
AssetImportWorker0
-projectPath
C:/Users/DELL/Documents/GitHub/UnityTutorialProject/UnityTutorialGameProject
-logFile
Logs/AssetImportWorker0.log
-srvPort
62445
Successfully changed project path to: C:/Users/DELL/Documents/GitHub/UnityTutorialProject/UnityTutorialGameProject
C:/Users/DELL/Documents/GitHub/UnityTutorialProject/UnityTutorialGameProject
Using Asset Import Pipeline V2.
Refreshing native plugins compatible for Editor in 48.16 ms, found 1 plugins.
Preloading 0 native plugins for Editor in 0.00 ms.
Initialize engine version: 2020.3.9f1 (108be757e447)
[Subsystems] Discovering subsystems at path C:/Program Files/Unity/Hub/Editor/2020.3.9f1/Editor/Data/Resources/UnitySubsystems
[Subsystems] Discovering subsystems at path C:/Users/DELL/Documents/GitHub/UnityTutorialProject/UnityTutorialGameProject/Assets
GfxDevice: creating device client; threaded=0
Direct3D:
    Version:  Direct3D 11.0 [level 11.1]
    Renderer: NVIDIA GeForce GTX 1650 Ti (ID=0x1f95)
    Vendor:   
    VRAM:     3962 MB
    Driver:   30.0.15.1272
Initialize mono
Mono path[0] = 'C:/Program Files/Unity/Hub/Editor/2020.3.9f1/Editor/Data/Managed'
Mono path[1] = 'C:/Program Files/Unity/Hub/Editor/2020.3.9f1/Editor/Data/MonoBleedingEdge/lib/mono/unityjit'
Mono config path = 'C:/Program Files/Unity/Hub/Editor/2020.3.9f1/Editor/Data/MonoBleedingEdge/etc'
Using monoOptions --debugger-agent=transport=dt_socket,embedding=1,server=y,suspend=n,address=127.0.0.1:56612
Begin MonoManager ReloadAssembly
Registering precompiled unity dll's ...
Register platform support module: C:/Program Files/Unity/Hub/Editor/2020.3.9f1/Editor/Data/PlaybackEngines/WindowsStandaloneSupport/UnityEditor.WindowsStandalone.Extensions.dll
Registered in 0.002635 seconds.
Native extension for WindowsStandalone target not found
Refreshing native plugins compatible for Editor in 32.99 ms, found 1 plugins.
Preloading 0 native plugins for Editor in 0.00 ms.
Mono: successfully reloaded assembly
- Completed reload, in  4.149 seconds
Platform modules already initialized, skipping
Registering precompiled user dll's ...
Registered in 0.001571 seconds.
Begin MonoManager ReloadAssembly
Native extension for WindowsStandalone target not found
Refreshing native plugins compatible for Editor in 33.21 ms, found 1 plugins.
Preloading 0 native plugins for Editor in 0.00 ms.
Mono: successfully reloaded assembly
- Completed reload, in  0.946 seconds
Platform modules already initialized, skipping
========================================================================
Worker process is ready to serve import requests
Launched and connected shader compiler UnityShaderCompiler.exe after 0.05 seconds
Refreshing native plugins compatible for Editor in 1.03 ms, found 1 plugins.
Preloading 0 native plugins for Editor in 0.00 ms.
Unloading 1808 Unused Serialized files (Serialized files now loaded: 0)
System memory in use before: 85.5 MB.
System memory in use after: 85.4 MB.

Unloading 24 unused Assets to reduce memory usage. Loaded Objects now: 2250.
Total: 1.911900 ms (FindLiveObjects: 0.198200 ms CreateObjectMapping: 0.076700 ms MarkObjects: 1.504400 ms  DeleteObjects: 0.131600 ms)

========================================================================
Received Import Request.
  path: Assets/Prefabs
  artifactKey: Guid(232fa6ab79be45b4f93b46b733b7a3c8) Importer(815301076,1909f56bfc062723c751e8b465ee728b)
Start importing Assets/Prefabs using Guid(232fa6ab79be45b4f93b46b733b7a3c8) Importer(815301076,1909f56bfc062723c751e8b465ee728b)  -> (artifact id: '79f26d4768054c56fbb7d973689fde73') in 0.040344 seconds
  Import took 0.048254 seconds .

========================================================================
Received Import Request.
  Time since last request: 16.684639 seconds.
  path: Assets/Prefabs/Player1.prefab
  artifactKey: Guid(5b04393a51e96e746b3382ae1b2d41df) Importer(815301076,1909f56bfc062723c751e8b465ee728b)
Start importing Assets/Prefabs/Player1.prefab using Guid(5b04393a51e96e746b3382ae1b2d41df) Importer(815301076,1909f56bfc062723c751e8b465ee728b)  -> (artifact id: '21dddafd18fb2b1307761855752dbc6e') in 0.114211 seconds
  Import took 0.117553 seconds .

========================================================================
Received Import Request.
  Time since last request: 232.978853 seconds.
  path: Assets/Animations/Player Animations/Player 2 Animations
  artifactKey: Guid(20927e887d969514d9302eed8b83f7c8) Importer(815301076,1909f56bfc062723c751e8b465ee728b)
Start importing Assets/Animations/Player Animations/Player 2 Animations using Guid(20927e887d969514d9302eed8b83f7c8) Importer(815301076,1909f56bfc062723c751e8b465ee728b)  -> (artifact id: 'aebc6a757508125c5cd284eca3671868') in 0.006647 seconds
  Import took 0.010417 seconds .

========================================================================
Received Import Request.
  Time since last request: 20.327716 seconds.
  path: Assets/Animations/Player Animations/Player 2 Animations/Player 2 Controller.controller
  artifactKey: Guid(2795e9d453f575a4788c0577efaeae0a) Importer(815301076,1909f56bfc062723c751e8b465ee728b)
Start importing Assets/Animations/Player Animations/Player 2 Animations/Player 2 Controller.controller using Guid(2795e9d453f575a4788c0577efaeae0a) Importer(815301076,1909f56bfc062723c751e8b465ee728b)  -> (artifact id: '2241b9eb8833dc45f81c6c6ed986e37f') in 0.008208 seconds
  Import took 0.012439 seconds .

========================================================================
Received Prepare
Registering precompiled user dll's ...
Registered in 0.000973 seconds.
Begin MonoManager ReloadAssembly
Native extension for WindowsStandalone target not found
Refreshing native plugins compatible for Editor in 0.33 ms, found 1 plugins.
Preloading 0 native plugins for Editor in 0.00 ms.
Mono: successfully reloaded assembly
- Completed reload, in  0.785 seconds
Platform modules already initialized, skipping
Refreshing native plugins compatible for Editor in 0.32 ms, found 1 plugins.
Preloading 0 native plugins for Editor in 0.00 ms.
Unloading 1803 Unused Serialized files (Serialized files now loaded: 0)
System memory in use before: 88.5 MB.
System memory in use after: 88.5 MB.

Unloading 12 unused Assets to reduce memory usage. Loaded Objects now: 2261.
Total: 1.710500 ms (FindLiveObjects: 0.178600 ms CreateObjectMapping: 0.068600 ms MarkObjects: 1.369200 ms  DeleteObjects: 0.093200 ms)

========================================================================
Received Import Request.
  Time since last request: 620.686526 seconds.
  path: Assets/Animations/Player Animations/Player 2 Animations/Player 2 Controller.controller
  artifactKey: Guid(2795e9d453f575a4788c0577efaeae0a) Importer(815301076,1909f56bfc062723c751e8b465ee728b)
Start importing Assets/Animations/Player Animations/Player 2 Animations/Player 2 Controller.controller using Guid(2795e9d453f575a4788c0577efaeae0a) Importer(815301076,1909f56bfc062723c751e8b465ee728b)  -> (artifact id: '026d0c00234dec5fff859741362f0c4e') in 0.013197 seconds
  Import took 0.016878 seconds .

========================================================================
Received Import Request.
  Time since last request: 1456.793384 seconds.
  path: Assets/Prefabs/Player2.prefab
  artifactKey: Guid(1ec82f32e259574438c60ab3490e502f) Importer(815301076,1909f56bfc062723c751e8b465ee728b)
Start importing Assets/Prefabs/Player2.prefab using Guid(1ec82f32e259574438c60ab3490e502f) Importer(815301076,1909f56bfc062723c751e8b465ee728b)  -> (artifact id: '93108bccf63ee0d2e4f65e84f411ed54') in 0.062057 seconds
  Import took 0.065375 seconds .

========================================================================
Received Prepare
Registering precompiled user dll's ...
Registered in 0.000776 seconds.
Begin MonoManager ReloadAssembly
Native extension for WindowsStandalone target not found
Refreshing native plugins compatible for Editor in 0.34 ms, found 1 plugins.
Preloading 0 native plugins for Editor in 0.00 ms.
Mono: successfully reloaded assembly
- Completed reload, in  0.807 seconds
Platform modules already initialized, skipping
Refreshing native plugins compatible for Editor in 0.34 ms, found 1 plugins.
Preloading 0 native plugins for Editor in 0.00 ms.
Unloading 1803 Unused Serialized files (Serialized files now loaded: 0)
System memory in use before: 88.6 MB.
System memory in use after: 88.6 MB.

Unloading 12 unused Assets to reduce memory usage. Loaded Objects now: 2266.
Total: 1.843100 ms (FindLiveObjects: 0.194500 ms CreateObjectMapping: 0.074500 ms MarkObjects: 1.470400 ms  DeleteObjects: 0.103000 ms)

========================================================================
Received Prepare
Registering precompiled user dll's ...
Registered in 0.000739 seconds.
Begin MonoManager ReloadAssembly
Native extension for WindowsStandalone target not found
Refreshing native plugins compatible for Editor in 0.32 ms, found 1 plugins.
Preloading 0 native plugins for Editor in 0.00 ms.
Mono: successfully reloaded assembly
- Completed reload, in  0.821 seconds
Platform modules already initialized, skipping
Refreshing native plugins compatible for Editor in 0.32 ms, found 1 plugins.
Preloading 0 native plugins for Editor in 0.00 ms.
Unloading 1803 Unused Serialized files (Serialized files now loaded: 0)
System memory in use before: 88.6 MB.
System memory in use after: 88.6 MB.

Unloading 12 unused Assets to reduce memory usage. Loaded Objects now: 2270.
Total: 1.762900 ms (FindLiveObjects: 0.173500 ms CreateObjectMapping: 0.066700 ms MarkObjects: 1.415500 ms  DeleteObjects: 0.106400 ms)

========================================================================
Received Import Request.
  Time since last request: 473.529772 seconds.
  path: Assets/Sprites/Player 2 - 1.controller
  artifactKey: Guid(ceb3f01fbb8ea144f8f1e731f0cb96f7) Importer(815301076,1909f56bfc062723c751e8b465ee728b)
Start importing Assets/Sprites/Player 2 - 1.controller using Guid(ceb3f01fbb8ea144f8f1e731f0cb96f7) Importer(815301076,1909f56bfc062723c751e8b465ee728b)  -> (artifact id: 'fcc516da9f7ee5e55f9ea2fb70f6a8cb') in 0.018541 seconds
  Import took 0.021706 seconds .

========================================================================
Received Import Request.
  Time since last request: 32.891463 seconds.
  path: ProjectSettings/TagManager.asset
  artifactKey: Guid(00000000000000003000000000000000) Importer(815301076,1909f56bfc062723c751e8b465ee728b)
Start importing ProjectSettings/TagManager.asset using Guid(00000000000000003000000000000000) Importer(815301076,1909f56bfc062723c751e8b465ee728b)  -> (artifact id: '95df672b4aaba54310d34c83eef51bb8') in 0.007867 seconds
  Import took 0.010775 seconds .

========================================================================
Received Import Request.
  Time since last request: 289.881684 seconds.
  path: Assets/Prefabs/Player1.prefab
  artifactKey: Guid(5b04393a51e96e746b3382ae1b2d41df) Importer(815301076,1909f56bfc062723c751e8b465ee728b)
Start importing Assets/Prefabs/Player1.prefab using Guid(5b04393a51e96e746b3382ae1b2d41df) Importer(815301076,1909f56bfc062723c751e8b465ee728b)  -> (artifact id: '729552949e6464172f14017d69f37a86') in 0.052778 seconds
  Import took 0.056428 seconds .

========================================================================
Received Import Request.
  Time since last request: 13.260513 seconds.
  path: Assets/Prefabs/Player2.prefab
  artifactKey: Guid(1ec82f32e259574438c60ab3490e502f) Importer(815301076,1909f56bfc062723c751e8b465ee728b)
Start importing Assets/Prefabs/Player2.prefab using Guid(1ec82f32e259574438c60ab3490e502f) Importer(815301076,1909f56bfc062723c751e8b465ee728b)  -> (artifact id: '8e7be00c13936d6bdf3243781a2f507d') in 0.010840 seconds
  Import took 0.014017 seconds .

========================================================================
Received Prepare
Registering precompiled user dll's ...
Registered in 0.001025 seconds.
Begin MonoManager ReloadAssembly
Native extension for WindowsStandalone target not found
Refreshing native plugins compatible for Editor in 0.35 ms, found 1 plugins.
Preloading 0 native plugins for Editor in 0.00 ms.
Mono: successfully reloaded assembly
- Completed reload, in  0.750 seconds
Platform modules already initialized, skipping
Refreshing native plugins compatible for Editor in 0.32 ms, found 1 plugins.
Preloading 0 native plugins for Editor in 0.00 ms.
Unloading 1803 Unused Serialized files (Serialized files now loaded: 0)
System memory in use before: 88.6 MB.
System memory in use after: 88.6 MB.

Unloading 13 unused Assets to reduce memory usage. Loaded Objects now: 2275.
Total: 2.810800 ms (FindLiveObjects: 0.263800 ms CreateObjectMapping: 0.113900 ms MarkObjects: 2.297700 ms  DeleteObjects: 0.134300 ms)

========================================================================
Received Import Request.
  Time since last request: 4181.401018 seconds.
  path: Assets/Scripts
  artifactKey: Guid(a6d153839c5560b4b84a35ff9eab7e28) Importer(815301076,1909f56bfc062723c751e8b465ee728b)
Start importing Assets/Scripts using Guid(a6d153839c5560b4b84a35ff9eab7e28) Importer(815301076,1909f56bfc062723c751e8b465ee728b)  -> (artifact id: 'b427f8bd01a4e314bbbc27de0eeaa8fb') in 0.009235 seconds
  Import took 0.012877 seconds .

========================================================================
Received Import Request.
  Time since last request: 43.054970 seconds.
  path: Assets/Scripts/Player.cs
  artifactKey: Guid(fb9b0a50ba58305409ccf57d160e0df8) Importer(815301076,1909f56bfc062723c751e8b465ee728b)
Start importing Assets/Scripts/Player.cs using Guid(fb9b0a50ba58305409ccf57d160e0df8) Importer(815301076,1909f56bfc062723c751e8b465ee728b)  -> (artifact id: '12970d42e4d9e8fb469b6ac4b916ce28') in 0.014619 seconds
  Import took 0.018342 seconds .

========================================================================
Received Import Request.
  Time since last request: 0.000398 seconds.
  path: Assets/Scripts/Player.cs
  artifactKey: Guid(fb9b0a50ba58305409ccf57d160e0df8) Importer(815301076,1909f56bfc062723c751e8b465ee728b)
Start importing Assets/Scripts/Player.cs using Guid(fb9b0a50ba58305409ccf57d160e0df8) Importer(815301076,1909f56bfc062723c751e8b465ee728b)  -> (artifact id: '12970d42e4d9e8fb469b6ac4b916ce28') in 0.002427 seconds
  Import took 0.005572 seconds .

========================================================================
Received Prepare
Registering precompiled user dll's ...
Registered in 0.000792 seconds.
Begin MonoManager ReloadAssembly
Native extension for WindowsStandalone target not found
Refreshing native plugins compatible for Editor in 0.33 ms, found 1 plugins.
Preloading 0 native plugins for Editor in 0.00 ms.
Mono: successfully reloaded assembly
- Completed reload, in  0.867 seconds
Platform modules already initialized, skipping
Refreshing native plugins compatible for Editor in 0.36 ms, found 1 plugins.
Preloading 0 native plugins for Editor in 0.00 ms.
Unloading 1804 Unused Serialized files (Serialized files now loaded: 0)
System memory in use before: 88.7 MB.
System memory in use after: 88.7 MB.

Unloading 12 unused Assets to reduce memory usage. Loaded Objects now: 2280.
Total: 1.893100 ms (FindLiveObjects: 0.211900 ms CreateObjectMapping: 0.083200 ms MarkObjects: 1.492100 ms  DeleteObjects: 0.104900 ms)

========================================================================
Received Prepare
Registering precompiled user dll's ...
Registered in 0.001432 seconds.
Begin MonoManager ReloadAssembly
Native extension for WindowsStandalone target not found
Refreshing native plugins compatible for Editor in 0.33 ms, found 1 plugins.
Preloading 0 native plugins for Editor in 0.00 ms.
Mono: successfully reloaded assembly
- Completed reload, in  0.821 seconds
Platform modules already initialized, skipping
Refreshing native plugins compatible for Editor in 0.34 ms, found 1 plugins.
Preloading 0 native plugins for Editor in 0.00 ms.
Unloading 1804 Unused Serialized files (Serialized files now loaded: 0)
System memory in use before: 88.7 MB.
System memory in use after: 88.7 MB.

Unloading 12 unused Assets to reduce memory usage. Loaded Objects now: 2284.
Total: 1.835100 ms (FindLiveObjects: 0.186500 ms CreateObjectMapping: 0.070400 ms MarkObjects: 1.467900 ms  DeleteObjects: 0.109500 ms)

========================================================================
Received Import Request.
  Time since last request: 1790.351009 seconds.
  path: Assets/Scripts/Player.cs
  artifactKey: Guid(fb9b0a50ba58305409ccf57d160e0df8) Importer(815301076,1909f56bfc062723c751e8b465ee728b)
Start importing Assets/Scripts/Player.cs using Guid(fb9b0a50ba58305409ccf57d160e0df8) Importer(815301076,1909f56bfc062723c751e8b465ee728b)  -> (artifact id: '384aaef5ab0d071bf47e48003346182f') in 0.007324 seconds
  Import took 0.009860 seconds .

AssetImportWorkerClient::OnTransportError - code=2 error=End of file
